<?xml version="1.0" encoding="UTF-8"?>
<testsuites name="creparatTestSuite" time="6" tests="4" failures="0" errors="0">
   <testsuite name="creparatTestSuite" tests="4" failures="0" errors="0" time="6" timestamp="2019-04-29 14:15:30" hostname="dubl - localhost" id="Test Suites/createparamter/creparatTestSuite">
      <properties>
         <property name="deviceName" value=""/>
         <property name="devicePlatform" value=""/>
         <property name="logFolder" value="/Users/dubl/katalonDemo/wxApitest/Reports/createparamter/creparatTestSuite/20190429_141528"/>
         <property name="logFiles" value="/Users/dubl/katalonDemo/wxApitest/Reports/createparamter/creparatTestSuite/20190429_141528/execution0.log"/>
         <property name="attachments" value=""/>
         <property name="hostName" value="dubl - localhost"/>
         <property name="hostAddress" value="127.0.0.1"/>
         <property name="os" value="Mac OS X 64bit"/>
         <property name="katalonVersion" value="6.1.1.1"/>
      </properties>
      <testcase name="Test Cases/New Folder/demo" classname="Test Cases/New Folder/demo" status="PASSED">
         <system-out><![CDATA[2019-04-29 14:15:30 - [TEST_CASE][PASSED] - Test Cases/New Folder/demo: Test Cases/New Folder/demo

2019-04-29 14:15:31 - [TEST_STEP][PASSED] - sendRequest(findTestObject("getToken/getApiToken", ["url":wx_url])): Send request successfully

2019-04-29 14:15:34 - [MESSAGE][INFO] - HAR: /Users/dubl/katalonDemo/wxApitest/Reports/createparamter/creparatTestSuite/20190429_141528/requests/main/0.har

2019-04-29 14:15:34 - [MESSAGE][PASSED] - Send request successfully

2019-04-29 14:15:34 - [TEST_STEP][PASSED] - sendRequest(findTestObject("createrdepart/cretdepartment", ["url":wx_url, "access_token":findTestData("gettoken/getapitoken").getValue(1, 1), "dep":"湖州a"])): Send request successfully

2019-04-29 14:15:34 - [MESSAGE][INFO] - HAR: /Users/dubl/katalonDemo/wxApitest/Reports/createparamter/creparatTestSuite/20190429_141528/requests/main/1.har

2019-04-29 14:15:34 - [MESSAGE][PASSED] - Send request successfully]]></system-out>
         <system-err><![CDATA[]]></system-err>
      </testcase>
      <testcase name="Test Cases/New Folder/demo" classname="Test Cases/New Folder/demo" status="PASSED">
         <system-out><![CDATA[2019-04-29 14:15:34 - [TEST_CASE][PASSED] - Test Cases/New Folder/demo: Test Cases/New Folder/demo

2019-04-29 14:15:34 - [TEST_STEP][PASSED] - sendRequest(findTestObject("getToken/getApiToken", ["url":wx_url])): Send request successfully

2019-04-29 14:15:35 - [MESSAGE][INFO] - HAR: /Users/dubl/katalonDemo/wxApitest/Reports/createparamter/creparatTestSuite/20190429_141528/requests/main/2.har

2019-04-29 14:15:35 - [MESSAGE][PASSED] - Send request successfully

2019-04-29 14:15:35 - [TEST_STEP][PASSED] - sendRequest(findTestObject("createrdepart/cretdepartment", ["url":wx_url, "access_token":findTestData("gettoken/getapitoken").getValue(1, 1), "dep":"湖州a"])): Send request successfully

2019-04-29 14:15:35 - [MESSAGE][INFO] - HAR: /Users/dubl/katalonDemo/wxApitest/Reports/createparamter/creparatTestSuite/20190429_141528/requests/main/3.har

2019-04-29 14:15:35 - [MESSAGE][PASSED] - Send request successfully]]></system-out>
         <system-err><![CDATA[]]></system-err>
      </testcase>
      <testcase name="Test Cases/New Folder/demo" classname="Test Cases/New Folder/demo" status="PASSED">
         <system-out><![CDATA[2019-04-29 14:15:35 - [TEST_CASE][PASSED] - Test Cases/New Folder/demo: Test Cases/New Folder/demo

2019-04-29 14:15:35 - [TEST_STEP][PASSED] - sendRequest(findTestObject("getToken/getApiToken", ["url":wx_url])): Send request successfully

2019-04-29 14:15:36 - [MESSAGE][INFO] - HAR: /Users/dubl/katalonDemo/wxApitest/Reports/createparamter/creparatTestSuite/20190429_141528/requests/main/4.har

2019-04-29 14:15:36 - [MESSAGE][PASSED] - Send request successfully

2019-04-29 14:15:36 - [TEST_STEP][PASSED] - sendRequest(findTestObject("createrdepart/cretdepartment", ["url":wx_url, "access_token":findTestData("gettoken/getapitoken").getValue(1, 1), "dep":"湖州a"])): Send request successfully

2019-04-29 14:15:36 - [MESSAGE][INFO] - HAR: /Users/dubl/katalonDemo/wxApitest/Reports/createparamter/creparatTestSuite/20190429_141528/requests/main/5.har

2019-04-29 14:15:36 - [MESSAGE][PASSED] - Send request successfully]]></system-out>
         <system-err><![CDATA[]]></system-err>
      </testcase>
      <testcase name="Test Cases/New Folder/demo" classname="Test Cases/New Folder/demo" status="PASSED">
         <system-out><![CDATA[2019-04-29 14:15:36 - [TEST_CASE][PASSED] - Test Cases/New Folder/demo: Test Cases/New Folder/demo

2019-04-29 14:15:36 - [TEST_STEP][PASSED] - sendRequest(findTestObject("getToken/getApiToken", ["url":wx_url])): Send request successfully

2019-04-29 14:15:36 - [MESSAGE][INFO] - HAR: /Users/dubl/katalonDemo/wxApitest/Reports/createparamter/creparatTestSuite/20190429_141528/requests/main/6.har

2019-04-29 14:15:36 - [MESSAGE][PASSED] - Send request successfully

2019-04-29 14:15:36 - [TEST_STEP][PASSED] - sendRequest(findTestObject("createrdepart/cretdepartment", ["url":wx_url, "access_token":findTestData("gettoken/getapitoken").getValue(1, 1), "dep":"湖州a"])): Send request successfully

2019-04-29 14:15:37 - [MESSAGE][INFO] - HAR: /Users/dubl/katalonDemo/wxApitest/Reports/createparamter/creparatTestSuite/20190429_141528/requests/main/7.har

2019-04-29 14:15:37 - [MESSAGE][PASSED] - Send request successfully]]></system-out>
         <system-err><![CDATA[]]></system-err>
      </testcase>
      <system-out><![CDATA[2019-04-29 14:15:30 - [TEST_SUITE][PASSED] - creparatTestSuite: Test Cases/New Folder/demo]]></system-out>
      <system-err><![CDATA[]]></system-err>
   </testsuite>
</testsuites>
