<?xml version="1.0" encoding="UTF-8"?>
<testsuites name="creparatTestSuite" time="7" tests="4" failures="0" errors="0">
   <testsuite name="creparatTestSuite" tests="4" failures="0" errors="0" time="7" timestamp="2019-04-29 16:52:32" hostname="dubl - localhost" id="Test Suites/createparamter/creparatTestSuite">
      <properties>
         <property name="deviceName" value=""/>
         <property name="devicePlatform" value=""/>
         <property name="logFolder" value="/Users/dubl/katalonDemo/wxApitest/Reports/createparamter/creparatTestSuite/20190429_165229"/>
         <property name="logFiles" value="/Users/dubl/katalonDemo/wxApitest/Reports/createparamter/creparatTestSuite/20190429_165229/execution0.log"/>
         <property name="attachments" value=""/>
         <property name="hostName" value="dubl - localhost"/>
         <property name="hostAddress" value="127.0.0.1"/>
         <property name="os" value="Mac OS X 64bit"/>
         <property name="katalonVersion" value="6.1.1.1"/>
      </properties>
      <testcase name="Test Cases/New Folder/demo" classname="Test Cases/New Folder/demo" status="PASSED">
         <system-out><![CDATA[2019-04-29 16:52:32 - [TEST_CASE][PASSED] - Test Cases/New Folder/demo: Test Cases/New Folder/demo

2019-04-29 16:52:33 - [TEST_STEP][PASSED] - sendRequest(findTestObject("getToken/getApiToken", ["url":wx_url])): Send request successfully

2019-04-29 16:52:35 - [MESSAGE][INFO] - HAR: /Users/dubl/katalonDemo/wxApitest/Reports/createparamter/creparatTestSuite/20190429_165229/requests/main/0.har

2019-04-29 16:52:35 - [MESSAGE][PASSED] - Send request successfully

2019-04-29 16:52:35 - [TEST_STEP][PASSED] - sendRequest(findTestObject("createrdepart/cretdepartment", ["url":wx_url, "access_token":findTestData("gettoken/getapitoken").getValue(1, 1), "dep":$depment])): Send request successfully

2019-04-29 16:52:36 - [MESSAGE][INFO] - HAR: /Users/dubl/katalonDemo/wxApitest/Reports/createparamter/creparatTestSuite/20190429_165229/requests/main/1.har

2019-04-29 16:52:36 - [MESSAGE][PASSED] - Send request successfully

2019-04-29 16:52:36 - [TEST_STEP][PASSED] - sendRequest(findTestObject("deletedepart/delpartment", ["url":wx_url, "token":findTestData("gettoken/getapitoken").getValue(1, 1), "partid":$partid])): Send request successfully

2019-04-29 16:52:36 - [MESSAGE][INFO] - HAR: /Users/dubl/katalonDemo/wxApitest/Reports/createparamter/creparatTestSuite/20190429_165229/requests/main/2.har

2019-04-29 16:52:36 - [MESSAGE][PASSED] - Send request successfully]]></system-out>
         <system-err><![CDATA[]]></system-err>
      </testcase>
      <testcase name="Test Cases/New Folder/demo" classname="Test Cases/New Folder/demo" status="PASSED">
         <system-out><![CDATA[2019-04-29 16:52:36 - [TEST_CASE][PASSED] - Test Cases/New Folder/demo: Test Cases/New Folder/demo

2019-04-29 16:52:36 - [TEST_STEP][PASSED] - sendRequest(findTestObject("getToken/getApiToken", ["url":wx_url])): Send request successfully

2019-04-29 16:52:37 - [MESSAGE][INFO] - HAR: /Users/dubl/katalonDemo/wxApitest/Reports/createparamter/creparatTestSuite/20190429_165229/requests/main/3.har

2019-04-29 16:52:37 - [MESSAGE][PASSED] - Send request successfully

2019-04-29 16:52:37 - [TEST_STEP][PASSED] - sendRequest(findTestObject("createrdepart/cretdepartment", ["url":wx_url, "access_token":findTestData("gettoken/getapitoken").getValue(1, 1), "dep":$depment])): Send request successfully

2019-04-29 16:52:37 - [MESSAGE][INFO] - HAR: /Users/dubl/katalonDemo/wxApitest/Reports/createparamter/creparatTestSuite/20190429_165229/requests/main/4.har

2019-04-29 16:52:37 - [MESSAGE][PASSED] - Send request successfully

2019-04-29 16:52:37 - [TEST_STEP][PASSED] - sendRequest(findTestObject("deletedepart/delpartment", ["url":wx_url, "token":findTestData("gettoken/getapitoken").getValue(1, 1), "partid":$partid])): Send request successfully

2019-04-29 16:52:37 - [MESSAGE][INFO] - HAR: /Users/dubl/katalonDemo/wxApitest/Reports/createparamter/creparatTestSuite/20190429_165229/requests/main/5.har

2019-04-29 16:52:37 - [MESSAGE][PASSED] - Send request successfully]]></system-out>
         <system-err><![CDATA[]]></system-err>
      </testcase>
      <testcase name="Test Cases/New Folder/demo" classname="Test Cases/New Folder/demo" status="PASSED">
         <system-out><![CDATA[2019-04-29 16:52:37 - [TEST_CASE][PASSED] - Test Cases/New Folder/demo: Test Cases/New Folder/demo

2019-04-29 16:52:37 - [TEST_STEP][PASSED] - sendRequest(findTestObject("getToken/getApiToken", ["url":wx_url])): Send request successfully

2019-04-29 16:52:38 - [MESSAGE][INFO] - HAR: /Users/dubl/katalonDemo/wxApitest/Reports/createparamter/creparatTestSuite/20190429_165229/requests/main/6.har

2019-04-29 16:52:38 - [MESSAGE][PASSED] - Send request successfully

2019-04-29 16:52:38 - [TEST_STEP][PASSED] - sendRequest(findTestObject("createrdepart/cretdepartment", ["url":wx_url, "access_token":findTestData("gettoken/getapitoken").getValue(1, 1), "dep":$depment])): Send request successfully

2019-04-29 16:52:38 - [MESSAGE][INFO] - HAR: /Users/dubl/katalonDemo/wxApitest/Reports/createparamter/creparatTestSuite/20190429_165229/requests/main/7.har

2019-04-29 16:52:38 - [MESSAGE][PASSED] - Send request successfully

2019-04-29 16:52:38 - [TEST_STEP][PASSED] - sendRequest(findTestObject("deletedepart/delpartment", ["url":wx_url, "token":findTestData("gettoken/getapitoken").getValue(1, 1), "partid":$partid])): Send request successfully

2019-04-29 16:52:38 - [MESSAGE][INFO] - HAR: /Users/dubl/katalonDemo/wxApitest/Reports/createparamter/creparatTestSuite/20190429_165229/requests/main/8.har

2019-04-29 16:52:38 - [MESSAGE][PASSED] - Send request successfully]]></system-out>
         <system-err><![CDATA[]]></system-err>
      </testcase>
      <testcase name="Test Cases/New Folder/demo" classname="Test Cases/New Folder/demo" status="PASSED">
         <system-out><![CDATA[2019-04-29 16:52:38 - [TEST_CASE][PASSED] - Test Cases/New Folder/demo: Test Cases/New Folder/demo

2019-04-29 16:52:38 - [TEST_STEP][PASSED] - sendRequest(findTestObject("getToken/getApiToken", ["url":wx_url])): Send request successfully

2019-04-29 16:52:38 - [MESSAGE][INFO] - HAR: /Users/dubl/katalonDemo/wxApitest/Reports/createparamter/creparatTestSuite/20190429_165229/requests/main/9.har

2019-04-29 16:52:38 - [MESSAGE][PASSED] - Send request successfully

2019-04-29 16:52:38 - [TEST_STEP][PASSED] - sendRequest(findTestObject("createrdepart/cretdepartment", ["url":wx_url, "access_token":findTestData("gettoken/getapitoken").getValue(1, 1), "dep":$depment])): Send request successfully

2019-04-29 16:52:39 - [MESSAGE][INFO] - HAR: /Users/dubl/katalonDemo/wxApitest/Reports/createparamter/creparatTestSuite/20190429_165229/requests/main/10.har

2019-04-29 16:52:39 - [MESSAGE][PASSED] - Send request successfully

2019-04-29 16:52:39 - [TEST_STEP][PASSED] - sendRequest(findTestObject("deletedepart/delpartment", ["url":wx_url, "token":findTestData("gettoken/getapitoken").getValue(1, 1), "partid":$partid])): Send request successfully

2019-04-29 16:52:39 - [MESSAGE][INFO] - HAR: /Users/dubl/katalonDemo/wxApitest/Reports/createparamter/creparatTestSuite/20190429_165229/requests/main/11.har

2019-04-29 16:52:39 - [MESSAGE][PASSED] - Send request successfully]]></system-out>
         <system-err><![CDATA[]]></system-err>
      </testcase>
      <system-out><![CDATA[2019-04-29 16:52:32 - [TEST_SUITE][PASSED] - creparatTestSuite: Test Cases/New Folder/demo]]></system-out>
      <system-err><![CDATA[]]></system-err>
   </testsuite>
</testsuites>
