<?xml version="1.0" encoding="UTF-8"?>
<testsuites name="New Test Suite" time="7" tests="5" failures="0" errors="0">
   <testsuite name="New Test Suite" tests="5" failures="0" errors="0" time="7" timestamp="2019-04-29 11:23:57" hostname="dubl - localhost" id="Test Suites/New Folder/New Test Suite">
      <properties>
         <property name="deviceName" value=""/>
         <property name="devicePlatform" value=""/>
         <property name="logFolder" value="/Users/dubl/katalonDemo/wxApitest/Reports/New Folder/New Test Suite/20190429_112354"/>
         <property name="logFiles" value="/Users/dubl/katalonDemo/wxApitest/Reports/New Folder/New Test Suite/20190429_112354/execution0.log"/>
         <property name="attachments" value=""/>
         <property name="hostName" value="dubl - localhost"/>
         <property name="hostAddress" value="127.0.0.1"/>
         <property name="os" value="Mac OS X 64bit"/>
         <property name="katalonVersion" value="6.1.1.1"/>
      </properties>
      <testcase name="Test Cases/New Folder/demo" classname="Test Cases/New Folder/demo" status="PASSED">
         <system-out><![CDATA[2019-04-29 11:23:57 - [TEST_CASE][PASSED] - Test Cases/New Folder/demo: Test Cases/New Folder/demo

2019-04-29 11:23:58 - [TEST_STEP][PASSED] - sendRequest(findTestObject("getToken/getApiToken", ["url":wx_url])): Send request successfully

2019-04-29 11:24:00 - [MESSAGE][INFO] - HAR: /Users/dubl/katalonDemo/wxApitest/Reports/New Folder/New Test Suite/20190429_112354/requests/main/0.har

2019-04-29 11:24:01 - [MESSAGE][PASSED] - Send request successfully

2019-04-29 11:24:01 - [TEST_STEP][PASSED] - sendRequest(findTestObject("createrdepart/cretdepartment", ["url":wx_url, "access_token":findTestData("testData/getapitoken").getValue(1, 1), "dep":$depment])): Send request successfully

2019-04-29 11:24:01 - [MESSAGE][INFO] - HAR: /Users/dubl/katalonDemo/wxApitest/Reports/New Folder/New Test Suite/20190429_112354/requests/main/1.har

2019-04-29 11:24:01 - [MESSAGE][PASSED] - Send request successfully]]></system-out>
         <system-err><![CDATA[]]></system-err>
      </testcase>
      <testcase name="Test Cases/New Folder/demo" classname="Test Cases/New Folder/demo" status="PASSED">
         <system-out><![CDATA[2019-04-29 11:24:01 - [TEST_CASE][PASSED] - Test Cases/New Folder/demo: Test Cases/New Folder/demo

2019-04-29 11:24:01 - [TEST_STEP][PASSED] - sendRequest(findTestObject("getToken/getApiToken", ["url":wx_url])): Send request successfully

2019-04-29 11:24:01 - [MESSAGE][INFO] - HAR: /Users/dubl/katalonDemo/wxApitest/Reports/New Folder/New Test Suite/20190429_112354/requests/main/2.har

2019-04-29 11:24:01 - [MESSAGE][PASSED] - Send request successfully

2019-04-29 11:24:01 - [TEST_STEP][PASSED] - sendRequest(findTestObject("createrdepart/cretdepartment", ["url":wx_url, "access_token":findTestData("testData/getapitoken").getValue(1, 1), "dep":$depment])): Send request successfully

2019-04-29 11:24:02 - [MESSAGE][INFO] - HAR: /Users/dubl/katalonDemo/wxApitest/Reports/New Folder/New Test Suite/20190429_112354/requests/main/3.har

2019-04-29 11:24:02 - [MESSAGE][PASSED] - Send request successfully]]></system-out>
         <system-err><![CDATA[]]></system-err>
      </testcase>
      <testcase name="Test Cases/New Folder/demo" classname="Test Cases/New Folder/demo" status="PASSED">
         <system-out><![CDATA[2019-04-29 11:24:02 - [TEST_CASE][PASSED] - Test Cases/New Folder/demo: Test Cases/New Folder/demo

2019-04-29 11:24:02 - [TEST_STEP][PASSED] - sendRequest(findTestObject("getToken/getApiToken", ["url":wx_url])): Send request successfully

2019-04-29 11:24:02 - [MESSAGE][INFO] - HAR: /Users/dubl/katalonDemo/wxApitest/Reports/New Folder/New Test Suite/20190429_112354/requests/main/4.har

2019-04-29 11:24:02 - [MESSAGE][PASSED] - Send request successfully

2019-04-29 11:24:02 - [TEST_STEP][PASSED] - sendRequest(findTestObject("createrdepart/cretdepartment", ["url":wx_url, "access_token":findTestData("testData/getapitoken").getValue(1, 1), "dep":$depment])): Send request successfully

2019-04-29 11:24:03 - [MESSAGE][INFO] - HAR: /Users/dubl/katalonDemo/wxApitest/Reports/New Folder/New Test Suite/20190429_112354/requests/main/5.har

2019-04-29 11:24:03 - [MESSAGE][PASSED] - Send request successfully]]></system-out>
         <system-err><![CDATA[]]></system-err>
      </testcase>
      <testcase name="Test Cases/New Folder/demo" classname="Test Cases/New Folder/demo" status="PASSED">
         <system-out><![CDATA[2019-04-29 11:24:03 - [TEST_CASE][PASSED] - Test Cases/New Folder/demo: Test Cases/New Folder/demo

2019-04-29 11:24:03 - [TEST_STEP][PASSED] - sendRequest(findTestObject("getToken/getApiToken", ["url":wx_url])): Send request successfully

2019-04-29 11:24:03 - [MESSAGE][INFO] - HAR: /Users/dubl/katalonDemo/wxApitest/Reports/New Folder/New Test Suite/20190429_112354/requests/main/6.har

2019-04-29 11:24:03 - [MESSAGE][PASSED] - Send request successfully

2019-04-29 11:24:03 - [TEST_STEP][PASSED] - sendRequest(findTestObject("createrdepart/cretdepartment", ["url":wx_url, "access_token":findTestData("testData/getapitoken").getValue(1, 1), "dep":$depment])): Send request successfully

2019-04-29 11:24:04 - [MESSAGE][INFO] - HAR: /Users/dubl/katalonDemo/wxApitest/Reports/New Folder/New Test Suite/20190429_112354/requests/main/7.har

2019-04-29 11:24:04 - [MESSAGE][PASSED] - Send request successfully]]></system-out>
         <system-err><![CDATA[]]></system-err>
      </testcase>
      <testcase name="Test Cases/New Folder/demo" classname="Test Cases/New Folder/demo" status="PASSED">
         <system-out><![CDATA[2019-04-29 11:24:04 - [TEST_CASE][PASSED] - Test Cases/New Folder/demo: Test Cases/New Folder/demo

2019-04-29 11:24:04 - [TEST_STEP][PASSED] - sendRequest(findTestObject("getToken/getApiToken", ["url":wx_url])): Send request successfully

2019-04-29 11:24:04 - [MESSAGE][INFO] - HAR: /Users/dubl/katalonDemo/wxApitest/Reports/New Folder/New Test Suite/20190429_112354/requests/main/8.har

2019-04-29 11:24:04 - [MESSAGE][PASSED] - Send request successfully

2019-04-29 11:24:04 - [TEST_STEP][PASSED] - sendRequest(findTestObject("createrdepart/cretdepartment", ["url":wx_url, "access_token":findTestData("testData/getapitoken").getValue(1, 1), "dep":$depment])): Send request successfully

2019-04-29 11:24:04 - [MESSAGE][INFO] - HAR: /Users/dubl/katalonDemo/wxApitest/Reports/New Folder/New Test Suite/20190429_112354/requests/main/9.har

2019-04-29 11:24:04 - [MESSAGE][PASSED] - Send request successfully]]></system-out>
         <system-err><![CDATA[]]></system-err>
      </testcase>
      <system-out><![CDATA[2019-04-29 11:23:57 - [TEST_SUITE][PASSED] - New Test Suite: Test Cases/New Folder/demo]]></system-out>
      <system-err><![CDATA[]]></system-err>
   </testsuite>
</testsuites>
